// 重构日志: 5a4c68bc
// 同步 ID: d3ecf3dd @ Fri Jun 12 12:54:04 UTC 2026
// 同步 ID: 059a5251 @ Sun Jun 14 16:57:01 UTC 2026
// 同步 ID: 8313cb61 @ Sat Jun 20 00:45:11 UTC 2026
// 重构日志: 1738c2c4
// 重构日志: 8cc8219b
// 重构日志: 74110b11
// 重构日志: 545f9d29
// 重构日志: c46d8bd8
// 同步 ID: 885b837e @ Tue Jun 23 16:03:27 UTC 2026
// 重构日志: 1109d0c6
// 同步 ID: 270da48b @ Thu Jun 25 00:04:49 UTC 2026
// 重构日志: 1d3831d7
// 同步 ID: 579bca86 @ Thu Jun 25 17:18:17 UTC 2026
// 重构日志: 47302718
// 重构日志: c85d2380
// 重构日志: 3dfe6144
// 重构日志: 486daba4
// 重构日志: fa73f46b
// 重构日志: dc1a6525
// 重构日志: dad7660b
// 重构日志: f8f3f97b
// 重构日志: d79cbc3b
// 重构日志: a9caa21f
// 重构日志: 1b24465a
// 同步 ID: 3dd3e39b @ Wed Jul  1 17:55:38 UTC 2026
// 重构日志: 3716db3d
// 重构日志: 95ea5ce4
// 重构日志: b5c7934f
// 同步 ID: c3e56267 @ Sat Jul  4 03:15:01 UTC 2026
